<?xml version="1.0" encoding="UTF-8"?>
<!-- Generated by org.testng.reporters.JUnitReportReporter -->
<testsuite hostname="DESKTOP-GPKURBV" failures="0" tests="1" name="com.dsalgo.Assignment4_screenshot_dropdown" time="6.534" errors="0" timestamp="13 Dec 2021 22:03:35 GMT" skipped="0">
  <testcase classname="com.dsalgo.Assignment4_screenshot_dropdown" name="screenshot" time="6.534"/>
</testsuite> <!-- com.dsalgo.Assignment4_screenshot_dropdown -->
