<?xml version="1.0" encoding="UTF-8"?>
<!-- Generated by org.testng.reporters.JUnitReportReporter -->
<testsuite hostname="DESKTOP-GPKURBV" failures="0" tests="1" name="com.dsalgo.Assignment3_checkbox_radiobutton" time="9.399" errors="0" timestamp="07 Dec 2021 17:59:54 GMT" skipped="0">
  <testcase classname="com.dsalgo.Assignment3_checkbox_radiobutton" name="test_radiobutton" time="9.399"/>
</testsuite> <!-- com.dsalgo.Assignment3_checkbox_radiobutton -->
