<?xml version="1.0" encoding="UTF-8"?>
<!-- Generated by org.testng.reporters.JUnitReportReporter -->
<testsuite hostname="DESKTOP-GPKURBV" failures="0" tests="1" name="com.dsalgo.Tests.testCases" time="0.000" errors="0" timestamp="16 May 2022 20:39:37 GMT" skipped="1">
  <testcase classname="com.dsalgo.Tests.testCases" name="init" time="0.000">
    <skipped/>
  </testcase> <!-- init -->
</testsuite> <!-- com.dsalgo.Tests.testCases -->
